MPlayer 1.3.0 (Debian), built with gcc-7 (C) 2000-2016 MPlayer Team

Playing http://www.fromtexttospeech.com/output/0068038001533388722/39018384.mp3.
Resolving www.fromtexttospeech.com for AF_INET6...
Resolving www.fromtexttospeech.com for AF_INET...
Connecting to server www.fromtexttospeech.com[108.61.32.3]: 80...

Cache size set to 320 KBytes
Cache fill:  0.00% (0 bytes)   Cache fill:  4.31% (14134 bytes)   Cache fill:  9.59% (31414 bytes)   Cache fill: 14.86% (48694 bytes)   
Resolving www.fromtexttospeech.com for AF_INET6...
Resolving www.fromtexttospeech.com for AF_INET...
Connecting to server www.fromtexttospeech.com[108.61.32.3]: 80...
Resolving www.fromtexttospeech.com for AF_INET6...
Resolving www.fromtexttospeech.com for AF_INET...
Connecting to server www.fromtexttospeech.com[108.61.32.3]: 80...
Audio only file format detected.
Clip info:
 Title: 39018384.mp3
 Artist: TextAloud: IVONA Kimberly22
 Album: Created: 8/4/2018 6:05:55 AM
 Year: 2018
 Comment: http://www.nextup.com
 Genre: Speech
==========================================================================
Opening audio decoder: [mpg123] MPEG 1.0/2.0/2.5 layers I, II, III
AUDIO: 22050 Hz, 2 ch, s16le, 40.0 kbit/5.67% (ratio: 5000->88200)
Selected audio codec: [mpg123] afm: mpg123 (MPEG 1.0/2.0/2.5 layers I, II, III)
==========================================================================
AO: [pulse] 22050Hz 2ch s16le (2 bytes per sample)
Video: no vi


MPlayer interrupted by signal 2 in module: play_audio



MPlayer interrupted by signal 2 in module: enable_cache
nop_streaming_read error : Interrupted system call
:   0.2 (00.2) of 65.0 (01:05.0) ??,?% 8% [JA:   0.3 (00.3) of 65.0 (01:05.0)  0.1% 8% [JA:   0.4 (00.3) of 65.0 (01:05.0)  0.1% 8% [JA:   0.4 (00.4) of 65.0 (01:05.0)  0.1% 13% [JA:   0.5 (00.4) of 65.0 (01:05.0)  0.1% 13% [JA:   0.6 (00.5) of 65.0 (01:05.0)  0.1% 12% [JA:   0.6 (00.6) of 65.0 (01:05.0)  0.1% 18% [JA:   0.7 (00.6) of 65.0 (01:05.0)  0.1% 18% [JA:   0.7 (00.7) of 65.0 (01:05.0)  0.1% 18% [JA:   0.8 (00.8) of 65.0 (01:05.0)  0.1% 23% [JA:   0.9 (00.8) of 65.0 (01:05.0)  0.1% 23% [JA:   0.9 (00.9) of 65.0 (01:05.0)  0.1% 23% [JA:   1.0 (01.0) of 65.0 (01:05.0)  0.1% 29% [JA:   1.1 (01.0) of 65.0 (01:05.0)  0.1% 29% [JA:   1.1 (01.1) of 65.0 (01:05.0)  0.1% 29% [JA:   1.2 (01.1) of 65.0 (01:05.0)  0.1% 29% [JA:   1.3 (01.2) of 65.0 (01:05.0)  0.1% 36% [J

Exiting... (Quit)
